info: ::1 - - [14/Jun/2023:06:30:54 +0000] "GET /api/v1/users HTTP/1.1" 500 69 "-" "PostmanRuntime/7.32.2"

info: ::1 - - [14/Jun/2023:06:31:55 +0000] "GET /api/v1/users HTTP/1.1" 500 69 "-" "PostmanRuntime/7.32.2"

info: ::1 - - [14/Jun/2023:06:32:05 +0000] "POST /api/v1/users HTTP/1.1" 500 91 "-" "PostmanRuntime/7.32.2"

info: ::1 - - [14/Jun/2023:06:32:30 +0000] "POST /api/v1/users HTTP/1.1" 500 91 "-" "PostmanRuntime/7.32.2"

info: ::1 - - [14/Jun/2023:06:33:33 +0000] "POST /api/v1/users HTTP/1.1" 500 59 "-" "PostmanRuntime/7.32.2"

info: ::1 - - [14/Jun/2023:06:34:14 +0000] "POST /api/v1/users HTTP/1.1" 500 91 "-" "PostmanRuntime/7.32.2"

info: ::1 - - [14/Jun/2023:06:36:55 +0000] "POST /api/v1/users HTTP/1.1" 500 68 "-" "PostmanRuntime/7.32.2"

info: ::1 - - [14/Jun/2023:06:37:42 +0000] "POST /api/v1/users HTTP/1.1" 500 85 "-" "PostmanRuntime/7.32.2"

info: ::1 - - [14/Jun/2023:06:38:44 +0000] "POST /api/v1/users HTTP/1.1" 500 85 "-" "PostmanRuntime/7.32.2"

info: ::1 - - [14/Jun/2023:06:39:26 +0000] "POST /api/v1/users HTTP/1.1" 500 68 "-" "PostmanRuntime/7.32.2"

info: ::1 - - [14/Jun/2023:06:41:03 +0000] "POST /api/v1/users HTTP/1.1" 201 236 "-" "PostmanRuntime/7.32.2"

info: ::1 - - [14/Jun/2023:07:01:51 +0000] "POST /api/v1/users HTTP/1.1" 201 287 "-" "PostmanRuntime/7.32.2"

info: ::1 - - [14/Jun/2023:07:02:16 +0000] "GET /api/v1/users HTTP/1.1" 200 473 "-" "PostmanRuntime/7.32.2"

info: ::1 - - [14/Jun/2023:07:02:26 +0000] "GET /api/v1/users/2 HTTP/1.1" 500 52 "-" "PostmanRuntime/7.32.2"

info: ::1 - - [14/Jun/2023:07:02:58 +0000] "GET /api/v1/users/2 HTTP/1.1" 200 287 "-" "PostmanRuntime/7.32.2"

info: ::1 - - [14/Jun/2023:07:10:53 +0000] "POST /api/v1/users/login HTTP/1.1" 500 95 "-" "PostmanRuntime/7.32.2"

info: ::1 - - [14/Jun/2023:07:11:58 +0000] "POST /api/v1/users/login HTTP/1.1" 500 152 "-" "PostmanRuntime/7.32.2"

info: ::1 - - [14/Jun/2023:07:12:25 +0000] "POST /api/v1/users/login HTTP/1.1" 500 54 "-" "PostmanRuntime/7.32.2"

info: ::1 - - [14/Jun/2023:07:14:19 +0000] "POST /api/v1/users/login HTTP/1.1" 500 54 "-" "PostmanRuntime/7.32.2"

info: ::1 - - [14/Jun/2023:07:16:33 +0000] "POST /api/v1/users/login HTTP/1.1" 500 71 "-" "PostmanRuntime/7.32.2"

info: ::1 - - [14/Jun/2023:07:16:58 +0000] "POST /api/v1/users/login HTTP/1.1" 201 210 "-" "PostmanRuntime/7.32.2"

info: ::1 - - [14/Jun/2023:07:19:34 +0000] "POST /api/v1/users/login HTTP/1.1" 201 210 "-" "PostmanRuntime/7.32.2"

info: ::1 - - [14/Jun/2023:07:21:22 +0000] "GET /api/v1/users/2 HTTP/1.1" 500 52 "-" "PostmanRuntime/7.32.2"

info: ::1 - - [14/Jun/2023:07:21:41 +0000] "GET /api/v1/users/login HTTP/1.1" 500 52 "-" "PostmanRuntime/7.32.2"

info: ::1 - - [14/Jun/2023:07:21:46 +0000] "POST /api/v1/users/login HTTP/1.1" 201 210 "-" "PostmanRuntime/7.32.2"

info: ::1 - - [14/Jun/2023:07:22:13 +0000] "GET /api/v1/users/2 HTTP/1.1" 500 52 "-" "PostmanRuntime/7.32.2"

info: ::1 - - [14/Jun/2023:07:23:19 +0000] "GET /api/v1/users/2 HTTP/1.1" 500 88 "-" "PostmanRuntime/7.32.2"

info: ::1 - - [14/Jun/2023:07:23:47 +0000] "GET /api/v1/users/2 HTTP/1.1" 200 287 "-" "PostmanRuntime/7.32.2"

