info: Server started at http://localhost:3000/api/v1/ {"timestamp":"2023-06-14T03:34:33.828Z"}
error: Could not connect to the database. password authentication failed for user "Levono" {"name":"SequelizeConnectionError","original":{"code":"28P01","file":"auth.c","length":102,"line":"329","name":"error","routine":"auth_failed","severity":"FATAL"},"parent":{"code":"28P01","file":"auth.c","length":102,"line":"329","name":"error","routine":"auth_failed","severity":"FATAL"},"stack":"SequelizeConnectionError: password authentication failed for user \"Levono\"\n    at Client._connectionCallback (D:\\PostgreSQL\\CURDOperations\\node_modules\\sequelize\\src\\dialects\\postgres\\connection-manager.js:191:24)\n    at Client._handleErrorWhileConnecting (D:\\PostgreSQL\\CURDOperations\\node_modules\\pg\\lib\\client.js:327:19)\n    at Client._handleErrorMessage (D:\\PostgreSQL\\CURDOperations\\node_modules\\pg\\lib\\client.js:347:19)\n    at Connection.emit (node:events:513:28)\n    at Connection.emit (node:domain:489:12)\n    at D:\\PostgreSQL\\CURDOperations\\node_modules\\pg\\lib\\connection.js:117:12\n    at Parser.parse (D:\\PostgreSQL\\CURDOperations\\node_modules\\pg-protocol\\src\\parser.ts:104:9)\n    at Socket.<anonymous> (D:\\PostgreSQL\\CURDOperations\\node_modules\\pg-protocol\\src\\index.ts:7:48)\n    at Socket.emit (node:events:513:28)\n    at Socket.emit (node:domain:489:12)\n    at addChunk (node:internal/streams/readable:324:12)\n    at readableAddChunk (node:internal/streams/readable:297:9)\n    at Socket.Readable.push (node:internal/streams/readable:234:10)\n    at TCP.onStreamRead (node:internal/stream_base_commons:190:23)","timestamp":"2023-06-14T03:34:33.948Z"}
info: Server started at http://localhost:3000/api/v1/ {"timestamp":"2023-06-14T03:36:08.265Z"}
error: Could not connect to the database. password authentication failed for user "Levono" {"name":"SequelizeConnectionError","original":{"code":"28P01","file":"auth.c","length":102,"line":"329","name":"error","routine":"auth_failed","severity":"FATAL"},"parent":{"code":"28P01","file":"auth.c","length":102,"line":"329","name":"error","routine":"auth_failed","severity":"FATAL"},"stack":"SequelizeConnectionError: password authentication failed for user \"Levono\"\n    at Client._connectionCallback (D:\\PostgreSQL\\CURDOperations\\node_modules\\sequelize\\src\\dialects\\postgres\\connection-manager.js:191:24)\n    at Client._handleErrorWhileConnecting (D:\\PostgreSQL\\CURDOperations\\node_modules\\pg\\lib\\client.js:327:19)\n    at Client._handleErrorMessage (D:\\PostgreSQL\\CURDOperations\\node_modules\\pg\\lib\\client.js:347:19)\n    at Connection.emit (node:events:513:28)\n    at Connection.emit (node:domain:489:12)\n    at D:\\PostgreSQL\\CURDOperations\\node_modules\\pg\\lib\\connection.js:117:12\n    at Parser.parse (D:\\PostgreSQL\\CURDOperations\\node_modules\\pg-protocol\\src\\parser.ts:104:9)\n    at Socket.<anonymous> (D:\\PostgreSQL\\CURDOperations\\node_modules\\pg-protocol\\src\\index.ts:7:48)\n    at Socket.emit (node:events:513:28)\n    at Socket.emit (node:domain:489:12)\n    at addChunk (node:internal/streams/readable:324:12)\n    at readableAddChunk (node:internal/streams/readable:297:9)\n    at Socket.Readable.push (node:internal/streams/readable:234:10)\n    at TCP.onStreamRead (node:internal/stream_base_commons:190:23)","timestamp":"2023-06-14T03:36:08.424Z"}
info: Server started at http://localhost:3000/api/v1/ {"timestamp":"2023-06-14T03:38:52.444Z"}
error: Could not connect to the database. password authentication failed for user "Levono" {"name":"SequelizeConnectionError","original":{"code":"28P01","file":"auth.c","length":102,"line":"329","name":"error","routine":"auth_failed","severity":"FATAL"},"parent":{"code":"28P01","file":"auth.c","length":102,"line":"329","name":"error","routine":"auth_failed","severity":"FATAL"},"stack":"SequelizeConnectionError: password authentication failed for user \"Levono\"\n    at Client._connectionCallback (D:\\PostgreSQL\\CURDOperations\\node_modules\\sequelize\\src\\dialects\\postgres\\connection-manager.js:191:24)\n    at Client._handleErrorWhileConnecting (D:\\PostgreSQL\\CURDOperations\\node_modules\\pg\\lib\\client.js:327:19)\n    at Client._handleErrorMessage (D:\\PostgreSQL\\CURDOperations\\node_modules\\pg\\lib\\client.js:347:19)\n    at Connection.emit (node:events:513:28)\n    at Connection.emit (node:domain:489:12)\n    at D:\\PostgreSQL\\CURDOperations\\node_modules\\pg\\lib\\connection.js:117:12\n    at Parser.parse (D:\\PostgreSQL\\CURDOperations\\node_modules\\pg-protocol\\src\\parser.ts:104:9)\n    at Socket.<anonymous> (D:\\PostgreSQL\\CURDOperations\\node_modules\\pg-protocol\\src\\index.ts:7:48)\n    at Socket.emit (node:events:513:28)\n    at Socket.emit (node:domain:489:12)\n    at addChunk (node:internal/streams/readable:324:12)\n    at readableAddChunk (node:internal/streams/readable:297:9)\n    at Socket.Readable.push (node:internal/streams/readable:234:10)\n    at TCP.onStreamRead (node:internal/stream_base_commons:190:23)","timestamp":"2023-06-14T03:38:52.548Z"}
info: Server started at http://localhost:3000/api/v1/ {"timestamp":"2023-06-14T03:39:00.064Z"}
error: Could not connect to the database. password authentication failed for user "Levono" {"name":"SequelizeConnectionError","original":{"code":"28P01","file":"auth.c","length":102,"line":"329","name":"error","routine":"auth_failed","severity":"FATAL"},"parent":{"code":"28P01","file":"auth.c","length":102,"line":"329","name":"error","routine":"auth_failed","severity":"FATAL"},"stack":"SequelizeConnectionError: password authentication failed for user \"Levono\"\n    at Client._connectionCallback (D:\\PostgreSQL\\CURDOperations\\node_modules\\sequelize\\src\\dialects\\postgres\\connection-manager.js:191:24)\n    at Client._handleErrorWhileConnecting (D:\\PostgreSQL\\CURDOperations\\node_modules\\pg\\lib\\client.js:327:19)\n    at Client._handleErrorMessage (D:\\PostgreSQL\\CURDOperations\\node_modules\\pg\\lib\\client.js:347:19)\n    at Connection.emit (node:events:513:28)\n    at Connection.emit (node:domain:489:12)\n    at D:\\PostgreSQL\\CURDOperations\\node_modules\\pg\\lib\\connection.js:117:12\n    at Parser.parse (D:\\PostgreSQL\\CURDOperations\\node_modules\\pg-protocol\\src\\parser.ts:104:9)\n    at Socket.<anonymous> (D:\\PostgreSQL\\CURDOperations\\node_modules\\pg-protocol\\src\\index.ts:7:48)\n    at Socket.emit (node:events:513:28)\n    at Socket.emit (node:domain:489:12)\n    at addChunk (node:internal/streams/readable:324:12)\n    at readableAddChunk (node:internal/streams/readable:297:9)\n    at Socket.Readable.push (node:internal/streams/readable:234:10)\n    at TCP.onStreamRead (node:internal/stream_base_commons:190:23)","timestamp":"2023-06-14T03:39:00.182Z"}
info: Server started at http://localhost:3000/api/v1/ {"timestamp":"2023-06-14T03:51:28.399Z"}
error: Could not connect to the database. password authentication failed for user "Levono" {"name":"SequelizeConnectionError","original":{"code":"28P01","file":"auth.c","length":102,"line":"329","name":"error","routine":"auth_failed","severity":"FATAL"},"parent":{"code":"28P01","file":"auth.c","length":102,"line":"329","name":"error","routine":"auth_failed","severity":"FATAL"},"stack":"SequelizeConnectionError: password authentication failed for user \"Levono\"\n    at Client._connectionCallback (D:\\PostgreSQL\\CURDOperations\\node_modules\\sequelize\\src\\dialects\\postgres\\connection-manager.js:191:24)\n    at Client._handleErrorWhileConnecting (D:\\PostgreSQL\\CURDOperations\\node_modules\\pg\\lib\\client.js:327:19)\n    at Client._handleErrorMessage (D:\\PostgreSQL\\CURDOperations\\node_modules\\pg\\lib\\client.js:347:19)\n    at Connection.emit (node:events:513:28)\n    at Connection.emit (node:domain:489:12)\n    at D:\\PostgreSQL\\CURDOperations\\node_modules\\pg\\lib\\connection.js:117:12\n    at Parser.parse (D:\\PostgreSQL\\CURDOperations\\node_modules\\pg-protocol\\src\\parser.ts:104:9)\n    at Socket.<anonymous> (D:\\PostgreSQL\\CURDOperations\\node_modules\\pg-protocol\\src\\index.ts:7:48)\n    at Socket.emit (node:events:513:28)\n    at Socket.emit (node:domain:489:12)\n    at addChunk (node:internal/streams/readable:324:12)\n    at readableAddChunk (node:internal/streams/readable:297:9)\n    at Socket.Readable.push (node:internal/streams/readable:234:10)\n    at TCP.onStreamRead (node:internal/stream_base_commons:190:23)","timestamp":"2023-06-14T03:51:28.517Z"}
info: Server started at http://localhost:3000/api/v1/ {"timestamp":"2023-06-14T05:12:02.962Z"}
error: Could not connect to the database. password authentication failed for user "Levono" {"name":"SequelizeConnectionError","original":{"code":"28P01","file":"auth.c","length":102,"line":"329","name":"error","routine":"auth_failed","severity":"FATAL"},"parent":{"code":"28P01","file":"auth.c","length":102,"line":"329","name":"error","routine":"auth_failed","severity":"FATAL"},"stack":"SequelizeConnectionError: password authentication failed for user \"Levono\"\n    at Client._connectionCallback (D:\\PostgreSQL\\CURDOperations\\node_modules\\sequelize\\src\\dialects\\postgres\\connection-manager.js:191:24)\n    at Client._handleErrorWhileConnecting (D:\\PostgreSQL\\CURDOperations\\node_modules\\pg\\lib\\client.js:327:19)\n    at Client._handleErrorMessage (D:\\PostgreSQL\\CURDOperations\\node_modules\\pg\\lib\\client.js:347:19)\n    at Connection.emit (node:events:513:28)\n    at Connection.emit (node:domain:489:12)\n    at D:\\PostgreSQL\\CURDOperations\\node_modules\\pg\\lib\\connection.js:117:12\n    at Parser.parse (D:\\PostgreSQL\\CURDOperations\\node_modules\\pg-protocol\\src\\parser.ts:104:9)\n    at Socket.<anonymous> (D:\\PostgreSQL\\CURDOperations\\node_modules\\pg-protocol\\src\\index.ts:7:48)\n    at Socket.emit (node:events:513:28)\n    at Socket.emit (node:domain:489:12)\n    at addChunk (node:internal/streams/readable:324:12)\n    at readableAddChunk (node:internal/streams/readable:297:9)\n    at Socket.Readable.push (node:internal/streams/readable:234:10)\n    at TCP.onStreamRead (node:internal/stream_base_commons:190:23)","timestamp":"2023-06-14T05:12:03.086Z"}
info: Server started at http://localhost:3000/api/v1/ {"timestamp":"2023-06-14T06:27:26.826Z"}
error: Could not connect to the database. password authentication failed for user "root" {"name":"SequelizeConnectionError","original":{"code":"28P01","file":"auth.c","length":100,"line":"329","name":"error","routine":"auth_failed","severity":"FATAL"},"parent":{"code":"28P01","file":"auth.c","length":100,"line":"329","name":"error","routine":"auth_failed","severity":"FATAL"},"stack":"SequelizeConnectionError: password authentication failed for user \"root\"\n    at Client._connectionCallback (D:\\PostgreSQL\\CURDOperations\\node_modules\\sequelize\\src\\dialects\\postgres\\connection-manager.js:191:24)\n    at Client._handleErrorWhileConnecting (D:\\PostgreSQL\\CURDOperations\\node_modules\\pg\\lib\\client.js:327:19)\n    at Client._handleErrorMessage (D:\\PostgreSQL\\CURDOperations\\node_modules\\pg\\lib\\client.js:347:19)\n    at Connection.emit (node:events:513:28)\n    at Connection.emit (node:domain:489:12)\n    at D:\\PostgreSQL\\CURDOperations\\node_modules\\pg\\lib\\connection.js:117:12\n    at Parser.parse (D:\\PostgreSQL\\CURDOperations\\node_modules\\pg-protocol\\src\\parser.ts:104:9)\n    at Socket.<anonymous> (D:\\PostgreSQL\\CURDOperations\\node_modules\\pg-protocol\\src\\index.ts:7:48)\n    at Socket.emit (node:events:513:28)\n    at Socket.emit (node:domain:489:12)\n    at addChunk (node:internal/streams/readable:324:12)\n    at readableAddChunk (node:internal/streams/readable:297:9)\n    at Socket.Readable.push (node:internal/streams/readable:234:10)\n    at TCP.onStreamRead (node:internal/stream_base_commons:190:23)","timestamp":"2023-06-14T06:27:26.987Z"}
info: Server started at http://localhost:3000/api/v1/ {"timestamp":"2023-06-14T06:27:41.500Z"}
error: Could not connect to the database. password authentication failed for user "Levono" {"name":"SequelizeConnectionError","original":{"code":"28P01","file":"auth.c","length":102,"line":"329","name":"error","routine":"auth_failed","severity":"FATAL"},"parent":{"code":"28P01","file":"auth.c","length":102,"line":"329","name":"error","routine":"auth_failed","severity":"FATAL"},"stack":"SequelizeConnectionError: password authentication failed for user \"Levono\"\n    at Client._connectionCallback (D:\\PostgreSQL\\CURDOperations\\node_modules\\sequelize\\src\\dialects\\postgres\\connection-manager.js:191:24)\n    at Client._handleErrorWhileConnecting (D:\\PostgreSQL\\CURDOperations\\node_modules\\pg\\lib\\client.js:327:19)\n    at Client._handleErrorMessage (D:\\PostgreSQL\\CURDOperations\\node_modules\\pg\\lib\\client.js:347:19)\n    at Connection.emit (node:events:513:28)\n    at Connection.emit (node:domain:489:12)\n    at D:\\PostgreSQL\\CURDOperations\\node_modules\\pg\\lib\\connection.js:117:12\n    at Parser.parse (D:\\PostgreSQL\\CURDOperations\\node_modules\\pg-protocol\\src\\parser.ts:104:9)\n    at Socket.<anonymous> (D:\\PostgreSQL\\CURDOperations\\node_modules\\pg-protocol\\src\\index.ts:7:48)\n    at Socket.emit (node:events:513:28)\n    at Socket.emit (node:domain:489:12)\n    at addChunk (node:internal/streams/readable:324:12)\n    at readableAddChunk (node:internal/streams/readable:297:9)\n    at Socket.Readable.push (node:internal/streams/readable:234:10)\n    at TCP.onStreamRead (node:internal/stream_base_commons:190:23)","timestamp":"2023-06-14T06:27:41.603Z"}
info: Server started at http://localhost:3000/api/v1/ {"timestamp":"2023-06-14T06:27:45.108Z"}
error: Could not connect to the database. password authentication failed for user "user" {"name":"SequelizeConnectionError","original":{"code":"28P01","file":"auth.c","length":100,"line":"329","name":"error","routine":"auth_failed","severity":"FATAL"},"parent":{"code":"28P01","file":"auth.c","length":100,"line":"329","name":"error","routine":"auth_failed","severity":"FATAL"},"stack":"SequelizeConnectionError: password authentication failed for user \"user\"\n    at Client._connectionCallback (D:\\PostgreSQL\\CURDOperations\\node_modules\\sequelize\\src\\dialects\\postgres\\connection-manager.js:191:24)\n    at Client._handleErrorWhileConnecting (D:\\PostgreSQL\\CURDOperations\\node_modules\\pg\\lib\\client.js:327:19)\n    at Client._handleErrorMessage (D:\\PostgreSQL\\CURDOperations\\node_modules\\pg\\lib\\client.js:347:19)\n    at Connection.emit (node:events:513:28)\n    at Connection.emit (node:domain:489:12)\n    at D:\\PostgreSQL\\CURDOperations\\node_modules\\pg\\lib\\connection.js:117:12\n    at Parser.parse (D:\\PostgreSQL\\CURDOperations\\node_modules\\pg-protocol\\src\\parser.ts:104:9)\n    at Socket.<anonymous> (D:\\PostgreSQL\\CURDOperations\\node_modules\\pg-protocol\\src\\index.ts:7:48)\n    at Socket.emit (node:events:513:28)\n    at Socket.emit (node:domain:489:12)\n    at addChunk (node:internal/streams/readable:324:12)\n    at readableAddChunk (node:internal/streams/readable:297:9)\n    at Socket.Readable.push (node:internal/streams/readable:234:10)\n    at TCP.onStreamRead (node:internal/stream_base_commons:190:23)","timestamp":"2023-06-14T06:27:45.212Z"}
info: Server started at http://localhost:3000/api/v1/ {"timestamp":"2023-06-14T06:28:15.047Z"}
error: Could not connect to the database. password authentication failed for user "root" {"name":"SequelizeConnectionError","original":{"code":"28P01","file":"auth.c","length":100,"line":"329","name":"error","routine":"auth_failed","severity":"FATAL"},"parent":{"code":"28P01","file":"auth.c","length":100,"line":"329","name":"error","routine":"auth_failed","severity":"FATAL"},"stack":"SequelizeConnectionError: password authentication failed for user \"root\"\n    at Client._connectionCallback (D:\\PostgreSQL\\CURDOperations\\node_modules\\sequelize\\src\\dialects\\postgres\\connection-manager.js:191:24)\n    at Client._handleErrorWhileConnecting (D:\\PostgreSQL\\CURDOperations\\node_modules\\pg\\lib\\client.js:327:19)\n    at Client._handleErrorMessage (D:\\PostgreSQL\\CURDOperations\\node_modules\\pg\\lib\\client.js:347:19)\n    at Connection.emit (node:events:513:28)\n    at Connection.emit (node:domain:489:12)\n    at D:\\PostgreSQL\\CURDOperations\\node_modules\\pg\\lib\\connection.js:117:12\n    at Parser.parse (D:\\PostgreSQL\\CURDOperations\\node_modules\\pg-protocol\\src\\parser.ts:104:9)\n    at Socket.<anonymous> (D:\\PostgreSQL\\CURDOperations\\node_modules\\pg-protocol\\src\\index.ts:7:48)\n    at Socket.emit (node:events:513:28)\n    at Socket.emit (node:domain:489:12)\n    at addChunk (node:internal/streams/readable:324:12)\n    at readableAddChunk (node:internal/streams/readable:297:9)\n    at Socket.Readable.push (node:internal/streams/readable:234:10)\n    at TCP.onStreamRead (node:internal/stream_base_commons:190:23)","timestamp":"2023-06-14T06:28:15.149Z"}
info: Server started at http://localhost:3000/api/v1/ {"timestamp":"2023-06-14T06:29:15.637Z"}
info: Connected to the database. {"timestamp":"2023-06-14T06:29:15.898Z"}
info: Server started at http://localhost:3000/api/v1/ {"timestamp":"2023-06-14T06:30:32.240Z"}
info: Connected to the database. {"timestamp":"2023-06-14T06:30:32.827Z"}
info: Server started at http://localhost:3000/api/v1/ {"timestamp":"2023-06-14T06:30:39.926Z"}
info: Connected to the database. {"timestamp":"2023-06-14T06:30:40.092Z"}
error: 
    status - 500 
    message - Error: 
    at Query.run (D:\PostgreSQL\CURDOperations\node_modules\sequelize\src\dialects\postgres\query.js:76:25)
    at D:\PostgreSQL\CURDOperations\node_modules\sequelize\src\sequelize.js:650:28
    at processTicksAndRejections (node:internal/process/task_queues:95:5)
    at PostgresQueryInterface.select (D:\PostgreSQL\CURDOperations\node_modules\sequelize\src\dialects\abstract\query-interface.js:1001:12)
    at Function.findAll (D:\PostgreSQL\CURDOperations\node_modules\sequelize\src\model.js:1824:21) 
    url - /api/v1/users 
    method - GET 
    IP - ::1
   {"timestamp":"2023-06-14T06:30:54.071Z"}
info: Connected to the database. {"timestamp":"2023-06-14T06:31:26.131Z"}
info: Connected to the database. {"timestamp":"2023-06-14T06:31:29.486Z"}
info: Connected to the database. {"timestamp":"2023-06-14T06:31:33.201Z"}
info: Connected to the database. {"timestamp":"2023-06-14T06:31:36.670Z"}
info: Connected to the database. {"timestamp":"2023-06-14T06:31:40.129Z"}
info: Connected to the database. {"timestamp":"2023-06-14T06:31:43.158Z"}
info: Connected to the database. {"timestamp":"2023-06-14T06:31:48.311Z"}
info: Server started at http://localhost:3000/api/v1/ {"timestamp":"2023-06-14T06:31:51.365Z"}
info: Connected to the database. {"timestamp":"2023-06-14T06:31:51.561Z"}
error: 
    status - 500 
    message - Error: 
    at Query.run (D:\PostgreSQL\CURDOperations\node_modules\sequelize\src\dialects\postgres\query.js:76:25)
    at D:\PostgreSQL\CURDOperations\node_modules\sequelize\src\sequelize.js:650:28
    at processTicksAndRejections (node:internal/process/task_queues:95:5)
    at PostgresQueryInterface.select (D:\PostgreSQL\CURDOperations\node_modules\sequelize\src\dialects\abstract\query-interface.js:1001:12)
    at Function.findAll (D:\PostgreSQL\CURDOperations\node_modules\sequelize\src\model.js:1824:21) 
    url - /api/v1/users 
    method - GET 
    IP - ::1
   {"timestamp":"2023-06-14T06:31:55.469Z"}
error: 
    status - 500 
    message - Error: 
    at Query.run (D:\PostgreSQL\CURDOperations\node_modules\sequelize\src\dialects\postgres\query.js:76:25)
    at D:\PostgreSQL\CURDOperations\node_modules\sequelize\src\sequelize.js:650:28
    at processTicksAndRejections (node:internal/process/task_queues:95:5)
    at PostgresQueryInterface.insert (D:\PostgreSQL\CURDOperations\node_modules\sequelize\src\dialects\abstract\query-interface.js:795:21)
    at user.save (D:\PostgreSQL\CURDOperations\node_modules\sequelize\src\model.js:4153:35)
    at Function.create (D:\PostgreSQL\CURDOperations\node_modules\sequelize\src\model.js:2305:12) 
    url - /api/v1/users 
    method - POST 
    IP - ::1
   {"timestamp":"2023-06-14T06:32:05.351Z"}
error: 
    status - 500 
    message - Error: 
    at Query.run (D:\PostgreSQL\CURDOperations\node_modules\sequelize\src\dialects\postgres\query.js:76:25)
    at D:\PostgreSQL\CURDOperations\node_modules\sequelize\src\sequelize.js:650:28
    at processTicksAndRejections (node:internal/process/task_queues:95:5)
    at PostgresQueryInterface.insert (D:\PostgreSQL\CURDOperations\node_modules\sequelize\src\dialects\abstract\query-interface.js:795:21)
    at user.save (D:\PostgreSQL\CURDOperations\node_modules\sequelize\src\model.js:4153:35)
    at Function.create (D:\PostgreSQL\CURDOperations\node_modules\sequelize\src\model.js:2305:12) 
    url - /api/v1/users 
    method - POST 
    IP - ::1
   {"timestamp":"2023-06-14T06:32:30.647Z"}
error: 
    status - 500 
    message - SyntaxError: Unexpected token } in JSON at position 85
    at JSON.parse (<anonymous>)
    at parse (D:\PostgreSQL\CURDOperations\node_modules\body-parser\lib\types\json.js:89:19)
    at D:\PostgreSQL\CURDOperations\node_modules\body-parser\lib\read.js:128:18
    at AsyncResource.runInAsyncScope (node:async_hooks:203:9)
    at invokeCallback (D:\PostgreSQL\CURDOperations\node_modules\raw-body\index.js:231:16)
    at done (D:\PostgreSQL\CURDOperations\node_modules\raw-body\index.js:220:7)
    at IncomingMessage.onEnd (D:\PostgreSQL\CURDOperations\node_modules\raw-body\index.js:280:7)
    at IncomingMessage.emit (node:events:513:28)
    at IncomingMessage.emit (node:domain:489:12)
    at endReadableNT (node:internal/streams/readable:1359:12)
    at processTicksAndRejections (node:internal/process/task_queues:82:21) 
    url - /api/v1/users 
    method - POST 
    IP - ::1
   {"timestamp":"2023-06-14T06:33:27.003Z"}
error: 
    status - 500 
    message - ValidationError: "password" is required 
    url - /api/v1/users 
    method - POST 
    IP - ::1
   {"timestamp":"2023-06-14T06:33:33.954Z"}
info: Server started at http://localhost:3000/api/v1/ {"timestamp":"2023-06-14T06:33:46.873Z"}
info: Connected to the database. {"timestamp":"2023-06-14T06:33:47.091Z"}
error: 
    status - 500 
    message - Error: 
    at Query.run (D:\PostgreSQL\CURDOperations\node_modules\sequelize\src\dialects\postgres\query.js:76:25)
    at D:\PostgreSQL\CURDOperations\node_modules\sequelize\src\sequelize.js:650:28
    at processTicksAndRejections (node:internal/process/task_queues:95:5)
    at PostgresQueryInterface.insert (D:\PostgreSQL\CURDOperations\node_modules\sequelize\src\dialects\abstract\query-interface.js:795:21)
    at user.save (D:\PostgreSQL\CURDOperations\node_modules\sequelize\src\model.js:4153:35)
    at Function.create (D:\PostgreSQL\CURDOperations\node_modules\sequelize\src\model.js:2305:12) 
    url - /api/v1/users 
    method - POST 
    IP - ::1
   {"timestamp":"2023-06-14T06:34:14.360Z"}
error: 
    status - 500 
    message - Error: 
    at Query.run (D:\PostgreSQL\CURDOperations\node_modules\sequelize\src\dialects\postgres\query.js:76:25)
    at D:\PostgreSQL\CURDOperations\node_modules\sequelize\src\sequelize.js:650:28
    at processTicksAndRejections (node:internal/process/task_queues:95:5)
    at PostgresQueryInterface.insert (D:\PostgreSQL\CURDOperations\node_modules\sequelize\src\dialects\abstract\query-interface.js:795:21)
    at user.save (D:\PostgreSQL\CURDOperations\node_modules\sequelize\src\model.js:4153:35)
    at Function.create (D:\PostgreSQL\CURDOperations\node_modules\sequelize\src\model.js:2305:12) 
    url - /api/v1/users 
    method - POST 
    IP - ::1
   {"timestamp":"2023-06-14T06:36:55.537Z"}
error: 
    status - 500 
    message - Error: 
    at Query.run (D:\PostgreSQL\CURDOperations\node_modules\sequelize\src\dialects\postgres\query.js:76:25)
    at D:\PostgreSQL\CURDOperations\node_modules\sequelize\src\sequelize.js:650:28
    at processTicksAndRejections (node:internal/process/task_queues:95:5)
    at PostgresQueryInterface.insert (D:\PostgreSQL\CURDOperations\node_modules\sequelize\src\dialects\abstract\query-interface.js:795:21)
    at user.save (D:\PostgreSQL\CURDOperations\node_modules\sequelize\src\model.js:4153:35)
    at Function.create (D:\PostgreSQL\CURDOperations\node_modules\sequelize\src\model.js:2305:12) 
    url - /api/v1/users 
    method - POST 
    IP - ::1
   {"timestamp":"2023-06-14T06:37:42.079Z"}
info: Server started at http://localhost:3000/api/v1/ {"timestamp":"2023-06-14T06:38:41.566Z"}
info: Connected to the database. {"timestamp":"2023-06-14T06:38:41.794Z"}
error: 
    status - 500 
    message - Error: 
    at Query.run (D:\PostgreSQL\CURDOperations\node_modules\sequelize\src\dialects\postgres\query.js:76:25)
    at D:\PostgreSQL\CURDOperations\node_modules\sequelize\src\sequelize.js:650:28
    at processTicksAndRejections (node:internal/process/task_queues:95:5)
    at PostgresQueryInterface.insert (D:\PostgreSQL\CURDOperations\node_modules\sequelize\src\dialects\abstract\query-interface.js:795:21)
    at user.save (D:\PostgreSQL\CURDOperations\node_modules\sequelize\src\model.js:4153:35)
    at Function.create (D:\PostgreSQL\CURDOperations\node_modules\sequelize\src\model.js:2305:12) 
    url - /api/v1/users 
    method - POST 
    IP - ::1
   {"timestamp":"2023-06-14T06:38:44.348Z"}
error: 
    status - 500 
    message - Error: 
    at Query.run (D:\PostgreSQL\CURDOperations\node_modules\sequelize\src\dialects\postgres\query.js:76:25)
    at D:\PostgreSQL\CURDOperations\node_modules\sequelize\src\sequelize.js:650:28
    at processTicksAndRejections (node:internal/process/task_queues:95:5)
    at PostgresQueryInterface.insert (D:\PostgreSQL\CURDOperations\node_modules\sequelize\src\dialects\abstract\query-interface.js:795:21)
    at user.save (D:\PostgreSQL\CURDOperations\node_modules\sequelize\src\model.js:4153:35)
    at Function.create (D:\PostgreSQL\CURDOperations\node_modules\sequelize\src\model.js:2305:12) 
    url - /api/v1/users 
    method - POST 
    IP - ::1
   {"timestamp":"2023-06-14T06:39:26.711Z"}
info: Server started at http://localhost:3000/api/v1/ {"timestamp":"2023-06-14T06:39:58.067Z"}
info: Connected to the database. {"timestamp":"2023-06-14T06:39:58.308Z"}
info: Server started at http://localhost:3000/api/v1/ {"timestamp":"2023-06-14T06:40:24.497Z"}
info: Connected to the database. {"timestamp":"2023-06-14T06:40:24.715Z"}
info: Server started at http://localhost:3000/api/v1/ {"timestamp":"2023-06-14T06:40:50.645Z"}
info: Connected to the database. {"timestamp":"2023-06-14T06:40:51.318Z"}
info: Server started at http://localhost:3000/api/v1/ {"timestamp":"2023-06-14T06:40:59.229Z"}
info: Connected to the database. {"timestamp":"2023-06-14T06:40:59.430Z"}
info: Server started at http://localhost:3000/api/v1/ {"timestamp":"2023-06-14T06:48:26.784Z"}
error: Could not connect to the database. password authentication failed for user "Levono" {"name":"SequelizeConnectionError","original":{"code":"28P01","file":"auth.c","length":102,"line":"329","name":"error","routine":"auth_failed","severity":"FATAL"},"parent":{"code":"28P01","file":"auth.c","length":102,"line":"329","name":"error","routine":"auth_failed","severity":"FATAL"},"stack":"SequelizeConnectionError: password authentication failed for user \"Levono\"\n    at Client._connectionCallback (D:\\PostgreSQL\\CURDOperations\\node_modules\\sequelize\\src\\dialects\\postgres\\connection-manager.js:191:24)\n    at Client._handleErrorWhileConnecting (D:\\PostgreSQL\\CURDOperations\\node_modules\\pg\\lib\\client.js:327:19)\n    at Client._handleErrorMessage (D:\\PostgreSQL\\CURDOperations\\node_modules\\pg\\lib\\client.js:347:19)\n    at Connection.emit (node:events:513:28)\n    at Connection.emit (node:domain:489:12)\n    at D:\\PostgreSQL\\CURDOperations\\node_modules\\pg\\lib\\connection.js:117:12\n    at Parser.parse (D:\\PostgreSQL\\CURDOperations\\node_modules\\pg-protocol\\src\\parser.ts:104:9)\n    at Socket.<anonymous> (D:\\PostgreSQL\\CURDOperations\\node_modules\\pg-protocol\\src\\index.ts:7:48)\n    at Socket.emit (node:events:513:28)\n    at Socket.emit (node:domain:489:12)\n    at addChunk (node:internal/streams/readable:324:12)\n    at readableAddChunk (node:internal/streams/readable:297:9)\n    at Socket.Readable.push (node:internal/streams/readable:234:10)\n    at TCP.onStreamRead (node:internal/stream_base_commons:190:23)","timestamp":"2023-06-14T06:48:26.893Z"}
info: Server started at http://localhost:3000/api/v1/ {"timestamp":"2023-06-14T06:48:37.488Z"}
error: Could not connect to the database. password authentication failed for user "Levono" {"name":"SequelizeConnectionError","original":{"code":"28P01","file":"auth.c","length":102,"line":"329","name":"error","routine":"auth_failed","severity":"FATAL"},"parent":{"code":"28P01","file":"auth.c","length":102,"line":"329","name":"error","routine":"auth_failed","severity":"FATAL"},"stack":"SequelizeConnectionError: password authentication failed for user \"Levono\"\n    at Client._connectionCallback (D:\\PostgreSQL\\CURDOperations\\node_modules\\sequelize\\src\\dialects\\postgres\\connection-manager.js:191:24)\n    at Client._handleErrorWhileConnecting (D:\\PostgreSQL\\CURDOperations\\node_modules\\pg\\lib\\client.js:327:19)\n    at Client._handleErrorMessage (D:\\PostgreSQL\\CURDOperations\\node_modules\\pg\\lib\\client.js:347:19)\n    at Connection.emit (node:events:513:28)\n    at Connection.emit (node:domain:489:12)\n    at D:\\PostgreSQL\\CURDOperations\\node_modules\\pg\\lib\\connection.js:117:12\n    at Parser.parse (D:\\PostgreSQL\\CURDOperations\\node_modules\\pg-protocol\\src\\parser.ts:104:9)\n    at Socket.<anonymous> (D:\\PostgreSQL\\CURDOperations\\node_modules\\pg-protocol\\src\\index.ts:7:48)\n    at Socket.emit (node:events:513:28)\n    at Socket.emit (node:domain:489:12)\n    at addChunk (node:internal/streams/readable:324:12)\n    at readableAddChunk (node:internal/streams/readable:297:9)\n    at Socket.Readable.push (node:internal/streams/readable:234:10)\n    at TCP.onStreamRead (node:internal/stream_base_commons:190:23)","timestamp":"2023-06-14T06:48:37.591Z"}
info: Server started at http://localhost:3000/api/v1/ {"timestamp":"2023-06-14T06:49:32.640Z"}
error: Could not connect to the database. password authentication failed for user "Levono" {"name":"SequelizeConnectionError","original":{"code":"28P01","file":"auth.c","length":102,"line":"329","name":"error","routine":"auth_failed","severity":"FATAL"},"parent":{"code":"28P01","file":"auth.c","length":102,"line":"329","name":"error","routine":"auth_failed","severity":"FATAL"},"stack":"SequelizeConnectionError: password authentication failed for user \"Levono\"\n    at Client._connectionCallback (D:\\PostgreSQL\\CURDOperations\\node_modules\\sequelize\\src\\dialects\\postgres\\connection-manager.js:191:24)\n    at Client._handleErrorWhileConnecting (D:\\PostgreSQL\\CURDOperations\\node_modules\\pg\\lib\\client.js:327:19)\n    at Client._handleErrorMessage (D:\\PostgreSQL\\CURDOperations\\node_modules\\pg\\lib\\client.js:347:19)\n    at Connection.emit (node:events:513:28)\n    at Connection.emit (node:domain:489:12)\n    at D:\\PostgreSQL\\CURDOperations\\node_modules\\pg\\lib\\connection.js:117:12\n    at Parser.parse (D:\\PostgreSQL\\CURDOperations\\node_modules\\pg-protocol\\src\\parser.ts:104:9)\n    at Socket.<anonymous> (D:\\PostgreSQL\\CURDOperations\\node_modules\\pg-protocol\\src\\index.ts:7:48)\n    at Socket.emit (node:events:513:28)\n    at Socket.emit (node:domain:489:12)\n    at addChunk (node:internal/streams/readable:324:12)\n    at readableAddChunk (node:internal/streams/readable:297:9)\n    at Socket.Readable.push (node:internal/streams/readable:234:10)\n    at TCP.onStreamRead (node:internal/stream_base_commons:190:23)","timestamp":"2023-06-14T06:49:32.743Z"}
info: Server started at http://localhost:3000/api/v1/ {"timestamp":"2023-06-14T06:49:49.378Z"}
info: Connected to the database. {"timestamp":"2023-06-14T06:49:49.593Z"}
info: Server started at http://localhost:3000/api/v1/ {"timestamp":"2023-06-14T06:49:53.975Z"}
info: Connected to the database. {"timestamp":"2023-06-14T06:49:54.182Z"}
info: Server started at http://localhost:3000/api/v1/ {"timestamp":"2023-06-14T06:50:19.071Z"}
info: Connected to the database. {"timestamp":"2023-06-14T06:50:19.249Z"}
info: Server started at http://localhost:3000/api/v1/ {"timestamp":"2023-06-14T06:50:35.285Z"}
info: Connected to the database. {"timestamp":"2023-06-14T06:50:35.506Z"}
info: Server started at http://localhost:3000/api/v1/ {"timestamp":"2023-06-14T06:50:58.626Z"}
error: Could not connect to the database. password authentication failed for user "Levono" {"name":"SequelizeConnectionError","original":{"code":"28P01","file":"auth.c","length":102,"line":"329","name":"error","routine":"auth_failed","severity":"FATAL"},"parent":{"code":"28P01","file":"auth.c","length":102,"line":"329","name":"error","routine":"auth_failed","severity":"FATAL"},"stack":"SequelizeConnectionError: password authentication failed for user \"Levono\"\n    at Client._connectionCallback (D:\\PostgreSQL\\CURDOperations\\node_modules\\sequelize\\src\\dialects\\postgres\\connection-manager.js:191:24)\n    at Client._handleErrorWhileConnecting (D:\\PostgreSQL\\CURDOperations\\node_modules\\pg\\lib\\client.js:327:19)\n    at Client._handleErrorMessage (D:\\PostgreSQL\\CURDOperations\\node_modules\\pg\\lib\\client.js:347:19)\n    at Connection.emit (node:events:513:28)\n    at Connection.emit (node:domain:489:12)\n    at D:\\PostgreSQL\\CURDOperations\\node_modules\\pg\\lib\\connection.js:117:12\n    at Parser.parse (D:\\PostgreSQL\\CURDOperations\\node_modules\\pg-protocol\\src\\parser.ts:104:9)\n    at Socket.<anonymous> (D:\\PostgreSQL\\CURDOperations\\node_modules\\pg-protocol\\src\\index.ts:7:48)\n    at Socket.emit (node:events:513:28)\n    at Socket.emit (node:domain:489:12)\n    at addChunk (node:internal/streams/readable:324:12)\n    at readableAddChunk (node:internal/streams/readable:297:9)\n    at Socket.Readable.push (node:internal/streams/readable:234:10)\n    at TCP.onStreamRead (node:internal/stream_base_commons:190:23)","timestamp":"2023-06-14T06:50:58.734Z"}
info: Server started at http://localhost:3000/api/v1/ {"timestamp":"2023-06-14T06:51:09.637Z"}
info: Connected to the database. {"timestamp":"2023-06-14T06:51:09.822Z"}
info: Server started at http://localhost:3000/api/v1/ {"timestamp":"2023-06-14T06:52:10.183Z"}
info: Connected to the database. {"timestamp":"2023-06-14T06:52:10.388Z"}
info: Server started at http://localhost:3000/api/v1/ {"timestamp":"2023-06-14T06:52:21.497Z"}
error: Could not connect to the database. password authentication failed for user "Levono" {"name":"SequelizeConnectionError","original":{"code":"28P01","file":"auth.c","length":102,"line":"329","name":"error","routine":"auth_failed","severity":"FATAL"},"parent":{"code":"28P01","file":"auth.c","length":102,"line":"329","name":"error","routine":"auth_failed","severity":"FATAL"},"stack":"SequelizeConnectionError: password authentication failed for user \"Levono\"\n    at Client._connectionCallback (D:\\PostgreSQL\\CURDOperations\\node_modules\\sequelize\\src\\dialects\\postgres\\connection-manager.js:191:24)\n    at Client._handleErrorWhileConnecting (D:\\PostgreSQL\\CURDOperations\\node_modules\\pg\\lib\\client.js:327:19)\n    at Client._handleErrorMessage (D:\\PostgreSQL\\CURDOperations\\node_modules\\pg\\lib\\client.js:347:19)\n    at Connection.emit (node:events:513:28)\n    at Connection.emit (node:domain:489:12)\n    at D:\\PostgreSQL\\CURDOperations\\node_modules\\pg\\lib\\connection.js:117:12\n    at Parser.parse (D:\\PostgreSQL\\CURDOperations\\node_modules\\pg-protocol\\src\\parser.ts:104:9)\n    at Socket.<anonymous> (D:\\PostgreSQL\\CURDOperations\\node_modules\\pg-protocol\\src\\index.ts:7:48)\n    at Socket.emit (node:events:513:28)\n    at Socket.emit (node:domain:489:12)\n    at addChunk (node:internal/streams/readable:324:12)\n    at readableAddChunk (node:internal/streams/readable:297:9)\n    at Socket.Readable.push (node:internal/streams/readable:234:10)\n    at TCP.onStreamRead (node:internal/stream_base_commons:190:23)","timestamp":"2023-06-14T06:52:21.605Z"}
info: Server started at http://localhost:3000/api/v1/ {"timestamp":"2023-06-14T06:52:35.703Z"}
info: Connected to the database. {"timestamp":"2023-06-14T06:52:35.999Z"}
info: Server started at http://localhost:3000/api/v1/ {"timestamp":"2023-06-14T06:56:22.867Z"}
info: Connected to the database. {"timestamp":"2023-06-14T06:56:23.090Z"}
error: 
    status - 500 
    message - JsonWebTokenError: invalid signature
    at D:\PostgreSQL\CURDOperations\node_modules\jsonwebtoken\verify.js:171:19
    at getSecret (D:\PostgreSQL\CURDOperations\node_modules\jsonwebtoken\verify.js:97:14)
    at Object.verify (D:\PostgreSQL\CURDOperations\node_modules\jsonwebtoken\verify.js:101:10)
    at _callee$ (D:\PostgreSQL\CURDOperations\src\middlewares\/auth.middleware.js:22:32)
    at tryCatch (D:\PostgreSQL\CURDOperations\node_modules\@babel\runtime\helpers\regeneratorRuntime.js:44:17)
    at Generator.<anonymous> (D:\PostgreSQL\CURDOperations\node_modules\@babel\runtime\helpers\regeneratorRuntime.js:125:22)
    at Generator.next (D:\PostgreSQL\CURDOperations\node_modules\@babel\runtime\helpers\regeneratorRuntime.js:69:21)
    at asyncGeneratorStep (D:\PostgreSQL\CURDOperations\node_modules\@babel\runtime\helpers\asyncToGenerator.js:3:24)
    at _next (D:\PostgreSQL\CURDOperations\node_modules\@babel\runtime\helpers\asyncToGenerator.js:22:9)
    at D:\PostgreSQL\CURDOperations\node_modules\@babel\runtime\helpers\asyncToGenerator.js:27:7
    at new Promise (<anonymous>)
    at apply (D:\PostgreSQL\CURDOperations\node_modules\@babel\runtime\helpers\asyncToGenerator.js:19:12)
    at userAuth (D:\PostgreSQL\CURDOperations\src\middlewares\/auth.middleware.js:12:22)
    at Layer.handle [as handle_request] (D:\PostgreSQL\CURDOperations\node_modules\express\lib\router\layer.js:95:5)
    at next (D:\PostgreSQL\CURDOperations\node_modules\express\lib\router\route.js:144:13)
    at Route.dispatch (D:\PostgreSQL\CURDOperations\node_modules\express\lib\router\route.js:114:3)
    at Layer.handle [as handle_request] (D:\PostgreSQL\CURDOperations\node_modules\express\lib\router\layer.js:95:5)
    at D:\PostgreSQL\CURDOperations\node_modules\express\lib\router\index.js:284:15
    at param (D:\PostgreSQL\CURDOperations\node_modules\express\lib\router\index.js:365:14)
    at param (D:\PostgreSQL\CURDOperations\node_modules\express\lib\router\index.js:376:14)
    at Function.process_params (D:\PostgreSQL\CURDOperations\node_modules\express\lib\router\index.js:421:3)
    at next (D:\PostgreSQL\CURDOperations\node_modules\express\lib\router\index.js:280:10)
    at Function.handle (D:\PostgreSQL\CURDOperations\node_modules\express\lib\router\index.js:175:3)
    at router (D:\PostgreSQL\CURDOperations\node_modules\express\lib\router\index.js:47:12)
    at Layer.handle [as handle_request] (D:\PostgreSQL\CURDOperations\node_modules\express\lib\router\layer.js:95:5)
    at trim_prefix (D:\PostgreSQL\CURDOperations\node_modules\express\lib\router\index.js:328:13)
    at D:\PostgreSQL\CURDOperations\node_modules\express\lib\router\index.js:286:9
    at Function.process_params (D:\PostgreSQL\CURDOperations\node_modules\express\lib\router\index.js:346:12)
    at next (D:\PostgreSQL\CURDOperations\node_modules\express\lib\router\index.js:280:10)
    at Function.handle (D:\PostgreSQL\CURDOperations\node_modules\express\lib\router\index.js:175:3)
    at router (D:\PostgreSQL\CURDOperations\node_modules\express\lib\router\index.js:47:12)
    at Layer.handle [as handle_request] (D:\PostgreSQL\CURDOperations\node_modules\express\lib\router\layer.js:95:5)
    at trim_prefix (D:\PostgreSQL\CURDOperations\node_modules\express\lib\router\index.js:328:13)
    at D:\PostgreSQL\CURDOperations\node_modules\express\lib\router\index.js:286:9
    at Function.process_params (D:\PostgreSQL\CURDOperations\node_modules\express\lib\router\index.js:346:12)
    at next (D:\PostgreSQL\CURDOperations\node_modules\express\lib\router\index.js:280:10)
    at logger (D:\PostgreSQL\CURDOperations\node_modules\morgan\index.js:144:5)
    at Layer.handle [as handle_request] (D:\PostgreSQL\CURDOperations\node_modules\express\lib\router\layer.js:95:5)
    at trim_prefix (D:\PostgreSQL\CURDOperations\node_modules\express\lib\router\index.js:328:13)
    at D:\PostgreSQL\CURDOperations\node_modules\express\lib\router\index.js:286:9
    at Function.process_params (D:\PostgreSQL\CURDOperations\node_modules\express\lib\router\index.js:346:12)
    at next (D:\PostgreSQL\CURDOperations\node_modules\express\lib\router\index.js:280:10)
    at D:\PostgreSQL\CURDOperations\node_modules\body-parser\lib\read.js:137:5
    at AsyncResource.runInAsyncScope (node:async_hooks:203:9)
    at invokeCallback (D:\PostgreSQL\CURDOperations\node_modules\raw-body\index.js:231:16)
    at done (D:\PostgreSQL\CURDOperations\node_modules\raw-body\index.js:220:7)
    at IncomingMessage.onEnd (D:\PostgreSQL\CURDOperations\node_modules\raw-body\index.js:280:7)
    at IncomingMessage.emit (node:events:513:28)
    at IncomingMessage.emit (node:domain:489:12)
    at endReadableNT (node:internal/streams/readable:1359:12) 
    url - /api/v1/users/2 
    method - GET 
    IP - ::1
   {"timestamp":"2023-06-14T07:02:26.326Z"}
info: Server started at http://localhost:3000/api/v1/ {"timestamp":"2023-06-14T07:02:53.654Z"}
info: Connected to the database. {"timestamp":"2023-06-14T07:02:53.858Z"}
info: Server started at http://localhost:3000/api/v1/ {"timestamp":"2023-06-14T07:03:27.640Z"}
info: Connected to the database. {"timestamp":"2023-06-14T07:03:27.867Z"}
info: Server started at http://localhost:3000/api/v1/ {"timestamp":"2023-06-14T07:03:32.184Z"}
info: Connected to the database. {"timestamp":"2023-06-14T07:03:32.389Z"}
info: Server started at http://localhost:3000/api/v1/ {"timestamp":"2023-06-14T07:03:36.034Z"}
info: Connected to the database. {"timestamp":"2023-06-14T07:03:36.223Z"}
info: Connected to the database. {"timestamp":"2023-06-14T07:03:42.697Z"}
info: Connected to the database. {"timestamp":"2023-06-14T07:03:47.037Z"}
info: Server started at http://localhost:3000/api/v1/ {"timestamp":"2023-06-14T07:04:02.588Z"}
info: Connected to the database. {"timestamp":"2023-06-14T07:04:02.794Z"}
info: Server started at http://localhost:3000/api/v1/ {"timestamp":"2023-06-14T07:04:08.822Z"}
info: Connected to the database. {"timestamp":"2023-06-14T07:04:09.010Z"}
info: Server started at http://localhost:3000/api/v1/ {"timestamp":"2023-06-14T07:04:13.821Z"}
info: Connected to the database. {"timestamp":"2023-06-14T07:04:14.019Z"}
info: Server started at http://localhost:3000/api/v1/ {"timestamp":"2023-06-14T07:04:23.149Z"}
info: Connected to the database. {"timestamp":"2023-06-14T07:04:23.387Z"}
info: Server started at http://localhost:3000/api/v1/ {"timestamp":"2023-06-14T07:04:36.779Z"}
info: Connected to the database. {"timestamp":"2023-06-14T07:04:36.968Z"}
info: Server started at http://localhost:3000/api/v1/ {"timestamp":"2023-06-14T07:04:58.115Z"}
info: Connected to the database. {"timestamp":"2023-06-14T07:04:58.306Z"}
info: Server started at http://localhost:3000/api/v1/ {"timestamp":"2023-06-14T07:05:25.197Z"}
info: Connected to the database. {"timestamp":"2023-06-14T07:05:25.399Z"}
info: Server started at http://localhost:3000/api/v1/ {"timestamp":"2023-06-14T07:05:29.705Z"}
info: Connected to the database. {"timestamp":"2023-06-14T07:05:29.900Z"}
info: Server started at http://localhost:3000/api/v1/ {"timestamp":"2023-06-14T07:05:34.310Z"}
info: Connected to the database. {"timestamp":"2023-06-14T07:05:34.505Z"}
info: Server started at http://localhost:3000/api/v1/ {"timestamp":"2023-06-14T07:05:40.188Z"}
info: Connected to the database. {"timestamp":"2023-06-14T07:05:40.371Z"}
info: Server started at http://localhost:3000/api/v1/ {"timestamp":"2023-06-14T07:05:49.932Z"}
info: Connected to the database. {"timestamp":"2023-06-14T07:05:50.125Z"}
info: Server started at http://localhost:3000/api/v1/ {"timestamp":"2023-06-14T07:05:55.581Z"}
info: Connected to the database. {"timestamp":"2023-06-14T07:05:55.766Z"}
info: Server started at http://localhost:3000/api/v1/ {"timestamp":"2023-06-14T07:06:15.440Z"}
info: Connected to the database. {"timestamp":"2023-06-14T07:06:15.751Z"}
info: Server started at http://localhost:3000/api/v1/ {"timestamp":"2023-06-14T07:06:18.267Z"}
info: Connected to the database. {"timestamp":"2023-06-14T07:06:18.485Z"}
info: Server started at http://localhost:3000/api/v1/ {"timestamp":"2023-06-14T07:06:34.335Z"}
info: Connected to the database. {"timestamp":"2023-06-14T07:06:34.588Z"}
info: Server started at http://localhost:3000/api/v1/ {"timestamp":"2023-06-14T07:06:40.105Z"}
info: Connected to the database. {"timestamp":"2023-06-14T07:06:40.362Z"}
info: Server started at http://localhost:3000/api/v1/ {"timestamp":"2023-06-14T07:06:46.149Z"}
info: Connected to the database. {"timestamp":"2023-06-14T07:06:46.336Z"}
info: Server started at http://localhost:3000/api/v1/ {"timestamp":"2023-06-14T07:06:49.339Z"}
info: Connected to the database. {"timestamp":"2023-06-14T07:06:49.529Z"}
info: Server started at http://localhost:3000/api/v1/ {"timestamp":"2023-06-14T07:06:55.426Z"}
info: Connected to the database. {"timestamp":"2023-06-14T07:06:55.644Z"}
info: Server started at http://localhost:3000/api/v1/ {"timestamp":"2023-06-14T07:07:54.598Z"}
info: Connected to the database. {"timestamp":"2023-06-14T07:07:54.793Z"}
info: Server started at http://localhost:3000/api/v1/ {"timestamp":"2023-06-14T07:08:09.343Z"}
info: Connected to the database. {"timestamp":"2023-06-14T07:08:09.563Z"}
info: Server started at http://localhost:3000/api/v1/ {"timestamp":"2023-06-14T07:08:21.632Z"}
info: Connected to the database. {"timestamp":"2023-06-14T07:08:21.811Z"}
info: Server started at http://localhost:3000/api/v1/ {"timestamp":"2023-06-14T07:08:26.155Z"}
info: Connected to the database. {"timestamp":"2023-06-14T07:08:26.374Z"}
info: Server started at http://localhost:3000/api/v1/ {"timestamp":"2023-06-14T07:08:28.839Z"}
info: Connected to the database. {"timestamp":"2023-06-14T07:08:29.016Z"}
info: Server started at http://localhost:3000/api/v1/ {"timestamp":"2023-06-14T07:08:31.520Z"}
info: Connected to the database. {"timestamp":"2023-06-14T07:08:31.749Z"}
info: Server started at http://localhost:3000/api/v1/ {"timestamp":"2023-06-14T07:08:40.743Z"}
info: Connected to the database. {"timestamp":"2023-06-14T07:08:40.947Z"}
info: Server started at http://localhost:3000/api/v1/ {"timestamp":"2023-06-14T07:08:43.946Z"}
info: Connected to the database. {"timestamp":"2023-06-14T07:08:44.128Z"}
info: Server started at http://localhost:3000/api/v1/ {"timestamp":"2023-06-14T07:09:04.118Z"}
info: Connected to the database. {"timestamp":"2023-06-14T07:09:04.300Z"}
info: Server started at http://localhost:3000/api/v1/ {"timestamp":"2023-06-14T07:09:07.114Z"}
info: Connected to the database. {"timestamp":"2023-06-14T07:09:07.299Z"}
info: Server started at http://localhost:3000/api/v1/ {"timestamp":"2023-06-14T07:09:10.169Z"}
info: Connected to the database. {"timestamp":"2023-06-14T07:09:10.372Z"}
info: Server started at http://localhost:3000/api/v1/ {"timestamp":"2023-06-14T07:09:17.431Z"}
info: Connected to the database. {"timestamp":"2023-06-14T07:09:17.641Z"}
info: Server started at http://localhost:3000/api/v1/ {"timestamp":"2023-06-14T07:09:23.092Z"}
info: Connected to the database. {"timestamp":"2023-06-14T07:09:23.310Z"}
info: Server started at http://localhost:3000/api/v1/ {"timestamp":"2023-06-14T07:09:26.522Z"}
info: Connected to the database. {"timestamp":"2023-06-14T07:09:26.718Z"}
info: Server started at http://localhost:3000/api/v1/ {"timestamp":"2023-06-14T07:09:31.654Z"}
info: Connected to the database. {"timestamp":"2023-06-14T07:09:31.869Z"}
info: Server started at http://localhost:3000/api/v1/ {"timestamp":"2023-06-14T07:09:34.523Z"}
info: Connected to the database. {"timestamp":"2023-06-14T07:09:34.783Z"}
info: Server started at http://localhost:3000/api/v1/ {"timestamp":"2023-06-14T07:09:40.692Z"}
info: Connected to the database. {"timestamp":"2023-06-14T07:09:40.920Z"}
info: Server started at http://localhost:3000/api/v1/ {"timestamp":"2023-06-14T07:09:49.530Z"}
info: Connected to the database. {"timestamp":"2023-06-14T07:09:49.791Z"}
info: Server started at http://localhost:3000/api/v1/ {"timestamp":"2023-06-14T07:09:52.938Z"}
info: Connected to the database. {"timestamp":"2023-06-14T07:09:53.126Z"}
info: Server started at http://localhost:3000/api/v1/ {"timestamp":"2023-06-14T07:09:57.780Z"}
info: Connected to the database. {"timestamp":"2023-06-14T07:09:57.973Z"}
info: Server started at http://localhost:3000/api/v1/ {"timestamp":"2023-06-14T07:10:03.091Z"}
info: Connected to the database. {"timestamp":"2023-06-14T07:10:03.277Z"}
info: Server started at http://localhost:3000/api/v1/ {"timestamp":"2023-06-14T07:10:36.982Z"}
info: Connected to the database. {"timestamp":"2023-06-14T07:10:37.169Z"}
info: Server started at http://localhost:3000/api/v1/ {"timestamp":"2023-06-14T07:10:40.127Z"}
info: Connected to the database. {"timestamp":"2023-06-14T07:10:40.358Z"}
info: Server started at http://localhost:3000/api/v1/ {"timestamp":"2023-06-14T07:10:44.529Z"}
info: Connected to the database. {"timestamp":"2023-06-14T07:10:44.709Z"}
info: Server started at http://localhost:3000/api/v1/ {"timestamp":"2023-06-14T07:10:48.809Z"}
info: Connected to the database. {"timestamp":"2023-06-14T07:10:49.025Z"}
error: 
    status - 500 
    message - Error: 
    at Query.run (D:\PostgreSQL\CURDOperations\node_modules\sequelize\src\dialects\postgres\query.js:76:25)
    at D:\PostgreSQL\CURDOperations\node_modules\sequelize\src\sequelize.js:650:28
    at processTicksAndRejections (node:internal/process/task_queues:95:5)
    at PostgresQueryInterface.select (D:\PostgreSQL\CURDOperations\node_modules\sequelize\src\dialects\abstract\query-interface.js:1001:12)
    at Function.findAll (D:\PostgreSQL\CURDOperations\node_modules\sequelize\src\model.js:1824:21)
    at Function.findOne (D:\PostgreSQL\CURDOperations\node_modules\sequelize\src\model.js:1998:12)
    at Function.findByPk (D:\PostgreSQL\CURDOperations\node_modules\sequelize\src\model.js:1955:12) 
    url - /api/v1/users/login 
    method - POST 
    IP - ::1
   {"timestamp":"2023-06-14T07:10:53.945Z"}
info: Server started at http://localhost:3000/api/v1/ {"timestamp":"2023-06-14T07:11:51.300Z"}
info: Connected to the database. {"timestamp":"2023-06-14T07:11:51.528Z"}
info: Server started at http://localhost:3000/api/v1/ {"timestamp":"2023-06-14T07:11:55.261Z"}
info: Connected to the database. {"timestamp":"2023-06-14T07:11:55.511Z"}
error: 
    status - 500 
    message - Error: The argument passed to findOne must be an options object, use findByPk if you wish to pass a single primary key value
    at Function.findOne (D:\PostgreSQL\CURDOperations\node_modules\sequelize\src\model.js:1972:13)
    at _callee3$ (D:\PostgreSQL\CURDOperations\src\services\/user.service.js:21:27)
    at tryCatch (D:\PostgreSQL\CURDOperations\node_modules\@babel\runtime\helpers\regeneratorRuntime.js:44:17)
    at Generator.<anonymous> (D:\PostgreSQL\CURDOperations\node_modules\@babel\runtime\helpers\regeneratorRuntime.js:125:22)
    at Generator.next (D:\PostgreSQL\CURDOperations\node_modules\@babel\runtime\helpers\regeneratorRuntime.js:69:21)
    at asyncGeneratorStep (D:\PostgreSQL\CURDOperations\node_modules\@babel\runtime\helpers\asyncToGenerator.js:3:24)
    at _next (D:\PostgreSQL\CURDOperations\node_modules\@babel\runtime\helpers\asyncToGenerator.js:22:9)
    at D:\PostgreSQL\CURDOperations\node_modules\@babel\runtime\helpers\asyncToGenerator.js:27:7
    at new Promise (<anonymous>)
    at Object.apply (D:\PostgreSQL\CURDOperations\node_modules\@babel\runtime\helpers\asyncToGenerator.js:19:12)
    at Object.userLogin (D:\PostgreSQL\CURDOperations\src\services\/user.service.js:20:23)
    at _callee4$ (D:\PostgreSQL\CURDOperations\src\controllers\/user.controller.js:68:36)
    at tryCatch (D:\PostgreSQL\CURDOperations\node_modules\@babel\runtime\helpers\regeneratorRuntime.js:44:17)
    at Generator.<anonymous> (D:\PostgreSQL\CURDOperations\node_modules\@babel\runtime\helpers\regeneratorRuntime.js:125:22)
    at Generator.next (D:\PostgreSQL\CURDOperations\node_modules\@babel\runtime\helpers\regeneratorRuntime.js:69:21)
    at asyncGeneratorStep (D:\PostgreSQL\CURDOperations\node_modules\@babel\runtime\helpers\asyncToGenerator.js:3:24)
    at _next (D:\PostgreSQL\CURDOperations\node_modules\@babel\runtime\helpers\asyncToGenerator.js:22:9)
    at D:\PostgreSQL\CURDOperations\node_modules\@babel\runtime\helpers\asyncToGenerator.js:27:7
    at new Promise (<anonymous>)
    at apply (D:\PostgreSQL\CURDOperations\node_modules\@babel\runtime\helpers\asyncToGenerator.js:19:12)
    at userLogin (D:\PostgreSQL\CURDOperations\src\controllers\/user.controller.js:66:23)
    at Layer.handle [as handle_request] (D:\PostgreSQL\CURDOperations\node_modules\express\lib\router\layer.js:95:5)
    at next (D:\PostgreSQL\CURDOperations\node_modules\express\lib\router\route.js:144:13)
    at Route.dispatch (D:\PostgreSQL\CURDOperations\node_modules\express\lib\router\route.js:114:3)
    at Layer.handle [as handle_request] (D:\PostgreSQL\CURDOperations\node_modules\express\lib\router\layer.js:95:5)
    at D:\PostgreSQL\CURDOperations\node_modules\express\lib\router\index.js:284:15
    at Function.process_params (D:\PostgreSQL\CURDOperations\node_modules\express\lib\router\index.js:346:12)
    at next (D:\PostgreSQL\CURDOperations\node_modules\express\lib\router\index.js:280:10)
    at Function.handle (D:\PostgreSQL\CURDOperations\node_modules\express\lib\router\index.js:175:3)
    at router (D:\PostgreSQL\CURDOperations\node_modules\express\lib\router\index.js:47:12)
    at Layer.handle [as handle_request] (D:\PostgreSQL\CURDOperations\node_modules\express\lib\router\layer.js:95:5)
    at trim_prefix (D:\PostgreSQL\CURDOperations\node_modules\express\lib\router\index.js:328:13)
    at D:\PostgreSQL\CURDOperations\node_modules\express\lib\router\index.js:286:9
    at Function.process_params (D:\PostgreSQL\CURDOperations\node_modules\express\lib\router\index.js:346:12)
    at next (D:\PostgreSQL\CURDOperations\node_modules\express\lib\router\index.js:280:10)
    at Function.handle (D:\PostgreSQL\CURDOperations\node_modules\express\lib\router\index.js:175:3)
    at router (D:\PostgreSQL\CURDOperations\node_modules\express\lib\router\index.js:47:12)
    at Layer.handle [as handle_request] (D:\PostgreSQL\CURDOperations\node_modules\express\lib\router\layer.js:95:5)
    at trim_prefix (D:\PostgreSQL\CURDOperations\node_modules\express\lib\router\index.js:328:13)
    at D:\PostgreSQL\CURDOperations\node_modules\express\lib\router\index.js:286:9
    at Function.process_params (D:\PostgreSQL\CURDOperations\node_modules\express\lib\router\index.js:346:12)
    at next (D:\PostgreSQL\CURDOperations\node_modules\express\lib\router\index.js:280:10)
    at logger (D:\PostgreSQL\CURDOperations\node_modules\morgan\index.js:144:5)
    at Layer.handle [as handle_request] (D:\PostgreSQL\CURDOperations\node_modules\express\lib\router\layer.js:95:5)
    at trim_prefix (D:\PostgreSQL\CURDOperations\node_modules\express\lib\router\index.js:328:13)
    at D:\PostgreSQL\CURDOperations\node_modules\express\lib\router\index.js:286:9
    at Function.process_params (D:\PostgreSQL\CURDOperations\node_modules\express\lib\router\index.js:346:12)
    at next (D:\PostgreSQL\CURDOperations\node_modules\express\lib\router\index.js:280:10)
    at D:\PostgreSQL\CURDOperations\node_modules\body-parser\lib\read.js:137:5
    at AsyncResource.runInAsyncScope (node:async_hooks:203:9) 
    url - /api/v1/users/login 
    method - POST 
    IP - ::1
   {"timestamp":"2023-06-14T07:11:58.745Z"}
info: Server started at http://localhost:3000/api/v1/ {"timestamp":"2023-06-14T07:12:22.841Z"}
info: Connected to the database. {"timestamp":"2023-06-14T07:12:23.028Z"}
error: 
    status - 500 
    message - Error: Invalid credentials
    at _callee3$ (D:\PostgreSQL\CURDOperations\src\services\/user.service.js:30:11)
    at tryCatch (D:\PostgreSQL\CURDOperations\node_modules\@babel\runtime\helpers\regeneratorRuntime.js:44:17)
    at Generator.<anonymous> (D:\PostgreSQL\CURDOperations\node_modules\@babel\runtime\helpers\regeneratorRuntime.js:125:22)
    at Generator.next (D:\PostgreSQL\CURDOperations\node_modules\@babel\runtime\helpers\regeneratorRuntime.js:69:21)
    at asyncGeneratorStep (D:\PostgreSQL\CURDOperations\node_modules\@babel\runtime\helpers\asyncToGenerator.js:3:24)
    at _next (D:\PostgreSQL\CURDOperations\node_modules\@babel\runtime\helpers\asyncToGenerator.js:22:9)
    at processTicksAndRejections (node:internal/process/task_queues:95:5) 
    url - /api/v1/users/login 
    method - POST 
    IP - ::1
   {"timestamp":"2023-06-14T07:12:25.860Z"}
info: Server started at http://localhost:3000/api/v1/ {"timestamp":"2023-06-14T07:14:10.880Z"}
info: Connected to the database. {"timestamp":"2023-06-14T07:14:11.070Z"}
info: Server started at http://localhost:3000/api/v1/ {"timestamp":"2023-06-14T07:14:14.351Z"}
info: Connected to the database. {"timestamp":"2023-06-14T07:14:14.566Z"}
error: 
    status - 500 
    message - Error: Invalid credentials
    at _callee3$ (D:\PostgreSQL\CURDOperations\src\services\/user.service.js:32:11)
    at tryCatch (D:\PostgreSQL\CURDOperations\node_modules\@babel\runtime\helpers\regeneratorRuntime.js:44:17)
    at Generator.<anonymous> (D:\PostgreSQL\CURDOperations\node_modules\@babel\runtime\helpers\regeneratorRuntime.js:125:22)
    at Generator.next (D:\PostgreSQL\CURDOperations\node_modules\@babel\runtime\helpers\regeneratorRuntime.js:69:21)
    at asyncGeneratorStep (D:\PostgreSQL\CURDOperations\node_modules\@babel\runtime\helpers\asyncToGenerator.js:3:24)
    at _next (D:\PostgreSQL\CURDOperations\node_modules\@babel\runtime\helpers\asyncToGenerator.js:22:9)
    at processTicksAndRejections (node:internal/process/task_queues:95:5) 
    url - /api/v1/users/login 
    method - POST 
    IP - ::1
   {"timestamp":"2023-06-14T07:14:19.975Z"}
info: Server started at http://localhost:3000/api/v1/ {"timestamp":"2023-06-14T07:14:46.137Z"}
info: Connected to the database. {"timestamp":"2023-06-14T07:14:46.336Z"}
info: Server started at http://localhost:3000/api/v1/ {"timestamp":"2023-06-14T07:15:14.182Z"}
info: Connected to the database. {"timestamp":"2023-06-14T07:15:14.370Z"}
info: Server started at http://localhost:3000/api/v1/ {"timestamp":"2023-06-14T07:16:11.782Z"}
info: Connected to the database. {"timestamp":"2023-06-14T07:16:12.019Z"}
info: Server started at http://localhost:3000/api/v1/ {"timestamp":"2023-06-14T07:16:16.260Z"}
info: Connected to the database. {"timestamp":"2023-06-14T07:16:16.448Z"}
info: Server started at http://localhost:3000/api/v1/ {"timestamp":"2023-06-14T07:16:24.968Z"}
info: Connected to the database. {"timestamp":"2023-06-14T07:16:25.167Z"}
error: 
    status - 500 
    message - Error: secretOrPrivateKey must have a value
    at Object.sign (D:\PostgreSQL\CURDOperations\node_modules\jsonwebtoken\sign.js:105:20)
    at _callee3$ (D:\PostgreSQL\CURDOperations\src\services\/user.service.js:27:29)
    at tryCatch (D:\PostgreSQL\CURDOperations\node_modules\@babel\runtime\helpers\regeneratorRuntime.js:44:17)
    at Generator.<anonymous> (D:\PostgreSQL\CURDOperations\node_modules\@babel\runtime\helpers\regeneratorRuntime.js:125:22)
    at Generator.next (D:\PostgreSQL\CURDOperations\node_modules\@babel\runtime\helpers\regeneratorRuntime.js:69:21)
    at asyncGeneratorStep (D:\PostgreSQL\CURDOperations\node_modules\@babel\runtime\helpers\asyncToGenerator.js:3:24)
    at _next (D:\PostgreSQL\CURDOperations\node_modules\@babel\runtime\helpers\asyncToGenerator.js:22:9)
    at processTicksAndRejections (node:internal/process/task_queues:95:5) 
    url - /api/v1/users/login 
    method - POST 
    IP - ::1
   {"timestamp":"2023-06-14T07:16:33.984Z"}
info: Server started at http://localhost:3000/api/v1/ {"timestamp":"2023-06-14T07:16:44.189Z"}
info: Connected to the database. {"timestamp":"2023-06-14T07:16:44.383Z"}
info: Server started at http://localhost:3000/api/v1/ {"timestamp":"2023-06-14T07:16:50.323Z"}
info: Connected to the database. {"timestamp":"2023-06-14T07:16:50.550Z"}
info: Server started at http://localhost:3000/api/v1/ {"timestamp":"2023-06-14T07:16:55.863Z"}
info: Connected to the database. {"timestamp":"2023-06-14T07:16:56.062Z"}
info: Server started at http://localhost:3000/api/v1/ {"timestamp":"2023-06-14T07:17:39.584Z"}
info: Connected to the database. {"timestamp":"2023-06-14T07:17:39.775Z"}
info: Server started at http://localhost:3000/api/v1/ {"timestamp":"2023-06-14T07:17:46.311Z"}
info: Connected to the database. {"timestamp":"2023-06-14T07:17:46.498Z"}
info: Server started at http://localhost:3000/api/v1/ {"timestamp":"2023-06-14T07:17:52.478Z"}
info: Connected to the database. {"timestamp":"2023-06-14T07:17:52.667Z"}
info: Server started at http://localhost:3000/api/v1/ {"timestamp":"2023-06-14T07:18:56.731Z"}
info: Connected to the database. {"timestamp":"2023-06-14T07:18:56.920Z"}
info: Server started at http://localhost:3000/api/v1/ {"timestamp":"2023-06-14T07:19:01.979Z"}
info: Connected to the database. {"timestamp":"2023-06-14T07:19:02.171Z"}
info: Server started at http://localhost:3000/api/v1/ {"timestamp":"2023-06-14T07:19:13.904Z"}
info: Connected to the database. {"timestamp":"2023-06-14T07:19:14.094Z"}
info: Server started at http://localhost:3000/api/v1/ {"timestamp":"2023-06-14T07:20:16.872Z"}
info: Connected to the database. {"timestamp":"2023-06-14T07:20:17.200Z"}
info: Server started at http://localhost:3000/api/v1/ {"timestamp":"2023-06-14T07:20:20.135Z"}
info: Connected to the database. {"timestamp":"2023-06-14T07:20:20.450Z"}
info: Server started at http://localhost:3000/api/v1/ {"timestamp":"2023-06-14T07:20:30.674Z"}
info: Connected to the database. {"timestamp":"2023-06-14T07:20:30.915Z"}
info: Server started at http://localhost:3000/api/v1/ {"timestamp":"2023-06-14T07:20:34.313Z"}
info: Connected to the database. {"timestamp":"2023-06-14T07:20:34.526Z"}
info: Server started at http://localhost:3000/api/v1/ {"timestamp":"2023-06-14T07:20:37.425Z"}
info: Connected to the database. {"timestamp":"2023-06-14T07:20:37.608Z"}
info: Server started at http://localhost:3000/api/v1/ {"timestamp":"2023-06-14T07:20:45.041Z"}
info: Connected to the database. {"timestamp":"2023-06-14T07:20:45.269Z"}
info: Server started at http://localhost:3000/api/v1/ {"timestamp":"2023-06-14T07:21:01.470Z"}
info: Connected to the database. {"timestamp":"2023-06-14T07:21:01.648Z"}
error: 
    status - 500 
    message - JsonWebTokenError: invalid signature
    at D:\PostgreSQL\CURDOperations\node_modules\jsonwebtoken\verify.js:171:19
    at getSecret (D:\PostgreSQL\CURDOperations\node_modules\jsonwebtoken\verify.js:97:14)
    at Object.verify (D:\PostgreSQL\CURDOperations\node_modules\jsonwebtoken\verify.js:101:10)
    at _callee$ (D:\PostgreSQL\CURDOperations\src\middlewares\/auth.middleware.js:22:32)
    at tryCatch (D:\PostgreSQL\CURDOperations\node_modules\@babel\runtime\helpers\regeneratorRuntime.js:44:17)
    at Generator.<anonymous> (D:\PostgreSQL\CURDOperations\node_modules\@babel\runtime\helpers\regeneratorRuntime.js:125:22)
    at Generator.next (D:\PostgreSQL\CURDOperations\node_modules\@babel\runtime\helpers\regeneratorRuntime.js:69:21)
    at asyncGeneratorStep (D:\PostgreSQL\CURDOperations\node_modules\@babel\runtime\helpers\asyncToGenerator.js:3:24)
    at _next (D:\PostgreSQL\CURDOperations\node_modules\@babel\runtime\helpers\asyncToGenerator.js:22:9)
    at D:\PostgreSQL\CURDOperations\node_modules\@babel\runtime\helpers\asyncToGenerator.js:27:7
    at new Promise (<anonymous>)
    at apply (D:\PostgreSQL\CURDOperations\node_modules\@babel\runtime\helpers\asyncToGenerator.js:19:12)
    at userAuth (D:\PostgreSQL\CURDOperations\src\middlewares\/auth.middleware.js:12:22)
    at Layer.handle [as handle_request] (D:\PostgreSQL\CURDOperations\node_modules\express\lib\router\layer.js:95:5)
    at next (D:\PostgreSQL\CURDOperations\node_modules\express\lib\router\route.js:144:13)
    at Route.dispatch (D:\PostgreSQL\CURDOperations\node_modules\express\lib\router\route.js:114:3)
    at Layer.handle [as handle_request] (D:\PostgreSQL\CURDOperations\node_modules\express\lib\router\layer.js:95:5)
    at D:\PostgreSQL\CURDOperations\node_modules\express\lib\router\index.js:284:15
    at param (D:\PostgreSQL\CURDOperations\node_modules\express\lib\router\index.js:365:14)
    at param (D:\PostgreSQL\CURDOperations\node_modules\express\lib\router\index.js:376:14)
    at Function.process_params (D:\PostgreSQL\CURDOperations\node_modules\express\lib\router\index.js:421:3)
    at next (D:\PostgreSQL\CURDOperations\node_modules\express\lib\router\index.js:280:10)
    at Function.handle (D:\PostgreSQL\CURDOperations\node_modules\express\lib\router\index.js:175:3)
    at router (D:\PostgreSQL\CURDOperations\node_modules\express\lib\router\index.js:47:12)
    at Layer.handle [as handle_request] (D:\PostgreSQL\CURDOperations\node_modules\express\lib\router\layer.js:95:5)
    at trim_prefix (D:\PostgreSQL\CURDOperations\node_modules\express\lib\router\index.js:328:13)
    at D:\PostgreSQL\CURDOperations\node_modules\express\lib\router\index.js:286:9
    at Function.process_params (D:\PostgreSQL\CURDOperations\node_modules\express\lib\router\index.js:346:12)
    at next (D:\PostgreSQL\CURDOperations\node_modules\express\lib\router\index.js:280:10)
    at Function.handle (D:\PostgreSQL\CURDOperations\node_modules\express\lib\router\index.js:175:3)
    at router (D:\PostgreSQL\CURDOperations\node_modules\express\lib\router\index.js:47:12)
    at Layer.handle [as handle_request] (D:\PostgreSQL\CURDOperations\node_modules\express\lib\router\layer.js:95:5)
    at trim_prefix (D:\PostgreSQL\CURDOperations\node_modules\express\lib\router\index.js:328:13)
    at D:\PostgreSQL\CURDOperations\node_modules\express\lib\router\index.js:286:9
    at Function.process_params (D:\PostgreSQL\CURDOperations\node_modules\express\lib\router\index.js:346:12)
    at next (D:\PostgreSQL\CURDOperations\node_modules\express\lib\router\index.js:280:10)
    at logger (D:\PostgreSQL\CURDOperations\node_modules\morgan\index.js:144:5)
    at Layer.handle [as handle_request] (D:\PostgreSQL\CURDOperations\node_modules\express\lib\router\layer.js:95:5)
    at trim_prefix (D:\PostgreSQL\CURDOperations\node_modules\express\lib\router\index.js:328:13)
    at D:\PostgreSQL\CURDOperations\node_modules\express\lib\router\index.js:286:9
    at Function.process_params (D:\PostgreSQL\CURDOperations\node_modules\express\lib\router\index.js:346:12)
    at next (D:\PostgreSQL\CURDOperations\node_modules\express\lib\router\index.js:280:10)
    at D:\PostgreSQL\CURDOperations\node_modules\body-parser\lib\read.js:137:5
    at AsyncResource.runInAsyncScope (node:async_hooks:203:9)
    at invokeCallback (D:\PostgreSQL\CURDOperations\node_modules\raw-body\index.js:231:16)
    at done (D:\PostgreSQL\CURDOperations\node_modules\raw-body\index.js:220:7)
    at IncomingMessage.onEnd (D:\PostgreSQL\CURDOperations\node_modules\raw-body\index.js:280:7)
    at IncomingMessage.emit (node:events:513:28)
    at IncomingMessage.emit (node:domain:489:12)
    at endReadableNT (node:internal/streams/readable:1359:12) 
    url - /api/v1/users/2 
    method - GET 
    IP - ::1
   {"timestamp":"2023-06-14T07:21:22.625Z"}
error: 
    status - 500 
    message - JsonWebTokenError: invalid signature
    at D:\PostgreSQL\CURDOperations\node_modules\jsonwebtoken\verify.js:171:19
    at getSecret (D:\PostgreSQL\CURDOperations\node_modules\jsonwebtoken\verify.js:97:14)
    at Object.verify (D:\PostgreSQL\CURDOperations\node_modules\jsonwebtoken\verify.js:101:10)
    at _callee$ (D:\PostgreSQL\CURDOperations\src\middlewares\/auth.middleware.js:22:32)
    at tryCatch (D:\PostgreSQL\CURDOperations\node_modules\@babel\runtime\helpers\regeneratorRuntime.js:44:17)
    at Generator.<anonymous> (D:\PostgreSQL\CURDOperations\node_modules\@babel\runtime\helpers\regeneratorRuntime.js:125:22)
    at Generator.next (D:\PostgreSQL\CURDOperations\node_modules\@babel\runtime\helpers\regeneratorRuntime.js:69:21)
    at asyncGeneratorStep (D:\PostgreSQL\CURDOperations\node_modules\@babel\runtime\helpers\asyncToGenerator.js:3:24)
    at _next (D:\PostgreSQL\CURDOperations\node_modules\@babel\runtime\helpers\asyncToGenerator.js:22:9)
    at D:\PostgreSQL\CURDOperations\node_modules\@babel\runtime\helpers\asyncToGenerator.js:27:7
    at new Promise (<anonymous>)
    at apply (D:\PostgreSQL\CURDOperations\node_modules\@babel\runtime\helpers\asyncToGenerator.js:19:12)
    at userAuth (D:\PostgreSQL\CURDOperations\src\middlewares\/auth.middleware.js:12:22)
    at Layer.handle [as handle_request] (D:\PostgreSQL\CURDOperations\node_modules\express\lib\router\layer.js:95:5)
    at next (D:\PostgreSQL\CURDOperations\node_modules\express\lib\router\route.js:144:13)
    at Route.dispatch (D:\PostgreSQL\CURDOperations\node_modules\express\lib\router\route.js:114:3)
    at Layer.handle [as handle_request] (D:\PostgreSQL\CURDOperations\node_modules\express\lib\router\layer.js:95:5)
    at D:\PostgreSQL\CURDOperations\node_modules\express\lib\router\index.js:284:15
    at param (D:\PostgreSQL\CURDOperations\node_modules\express\lib\router\index.js:365:14)
    at param (D:\PostgreSQL\CURDOperations\node_modules\express\lib\router\index.js:376:14)
    at Function.process_params (D:\PostgreSQL\CURDOperations\node_modules\express\lib\router\index.js:421:3)
    at next (D:\PostgreSQL\CURDOperations\node_modules\express\lib\router\index.js:280:10)
    at Function.handle (D:\PostgreSQL\CURDOperations\node_modules\express\lib\router\index.js:175:3)
    at router (D:\PostgreSQL\CURDOperations\node_modules\express\lib\router\index.js:47:12)
    at Layer.handle [as handle_request] (D:\PostgreSQL\CURDOperations\node_modules\express\lib\router\layer.js:95:5)
    at trim_prefix (D:\PostgreSQL\CURDOperations\node_modules\express\lib\router\index.js:328:13)
    at D:\PostgreSQL\CURDOperations\node_modules\express\lib\router\index.js:286:9
    at Function.process_params (D:\PostgreSQL\CURDOperations\node_modules\express\lib\router\index.js:346:12)
    at next (D:\PostgreSQL\CURDOperations\node_modules\express\lib\router\index.js:280:10)
    at Function.handle (D:\PostgreSQL\CURDOperations\node_modules\express\lib\router\index.js:175:3)
    at router (D:\PostgreSQL\CURDOperations\node_modules\express\lib\router\index.js:47:12)
    at Layer.handle [as handle_request] (D:\PostgreSQL\CURDOperations\node_modules\express\lib\router\layer.js:95:5)
    at trim_prefix (D:\PostgreSQL\CURDOperations\node_modules\express\lib\router\index.js:328:13)
    at D:\PostgreSQL\CURDOperations\node_modules\express\lib\router\index.js:286:9
    at Function.process_params (D:\PostgreSQL\CURDOperations\node_modules\express\lib\router\index.js:346:12)
    at next (D:\PostgreSQL\CURDOperations\node_modules\express\lib\router\index.js:280:10)
    at logger (D:\PostgreSQL\CURDOperations\node_modules\morgan\index.js:144:5)
    at Layer.handle [as handle_request] (D:\PostgreSQL\CURDOperations\node_modules\express\lib\router\layer.js:95:5)
    at trim_prefix (D:\PostgreSQL\CURDOperations\node_modules\express\lib\router\index.js:328:13)
    at D:\PostgreSQL\CURDOperations\node_modules\express\lib\router\index.js:286:9
    at Function.process_params (D:\PostgreSQL\CURDOperations\node_modules\express\lib\router\index.js:346:12)
    at next (D:\PostgreSQL\CURDOperations\node_modules\express\lib\router\index.js:280:10)
    at D:\PostgreSQL\CURDOperations\node_modules\body-parser\lib\read.js:137:5
    at AsyncResource.runInAsyncScope (node:async_hooks:203:9)
    at invokeCallback (D:\PostgreSQL\CURDOperations\node_modules\raw-body\index.js:231:16)
    at done (D:\PostgreSQL\CURDOperations\node_modules\raw-body\index.js:220:7)
    at IncomingMessage.onEnd (D:\PostgreSQL\CURDOperations\node_modules\raw-body\index.js:280:7)
    at IncomingMessage.emit (node:events:513:28)
    at IncomingMessage.emit (node:domain:489:12)
    at endReadableNT (node:internal/streams/readable:1359:12) 
    url - /api/v1/users/login 
    method - GET 
    IP - ::1
   {"timestamp":"2023-06-14T07:21:41.824Z"}
error: 
    status - 500 
    message - JsonWebTokenError: invalid signature
    at D:\PostgreSQL\CURDOperations\node_modules\jsonwebtoken\verify.js:171:19
    at getSecret (D:\PostgreSQL\CURDOperations\node_modules\jsonwebtoken\verify.js:97:14)
    at Object.verify (D:\PostgreSQL\CURDOperations\node_modules\jsonwebtoken\verify.js:101:10)
    at _callee$ (D:\PostgreSQL\CURDOperations\src\middlewares\/auth.middleware.js:22:32)
    at tryCatch (D:\PostgreSQL\CURDOperations\node_modules\@babel\runtime\helpers\regeneratorRuntime.js:44:17)
    at Generator.<anonymous> (D:\PostgreSQL\CURDOperations\node_modules\@babel\runtime\helpers\regeneratorRuntime.js:125:22)
    at Generator.next (D:\PostgreSQL\CURDOperations\node_modules\@babel\runtime\helpers\regeneratorRuntime.js:69:21)
    at asyncGeneratorStep (D:\PostgreSQL\CURDOperations\node_modules\@babel\runtime\helpers\asyncToGenerator.js:3:24)
    at _next (D:\PostgreSQL\CURDOperations\node_modules\@babel\runtime\helpers\asyncToGenerator.js:22:9)
    at D:\PostgreSQL\CURDOperations\node_modules\@babel\runtime\helpers\asyncToGenerator.js:27:7
    at new Promise (<anonymous>)
    at apply (D:\PostgreSQL\CURDOperations\node_modules\@babel\runtime\helpers\asyncToGenerator.js:19:12)
    at userAuth (D:\PostgreSQL\CURDOperations\src\middlewares\/auth.middleware.js:12:22)
    at Layer.handle [as handle_request] (D:\PostgreSQL\CURDOperations\node_modules\express\lib\router\layer.js:95:5)
    at next (D:\PostgreSQL\CURDOperations\node_modules\express\lib\router\route.js:144:13)
    at Route.dispatch (D:\PostgreSQL\CURDOperations\node_modules\express\lib\router\route.js:114:3)
    at Layer.handle [as handle_request] (D:\PostgreSQL\CURDOperations\node_modules\express\lib\router\layer.js:95:5)
    at D:\PostgreSQL\CURDOperations\node_modules\express\lib\router\index.js:284:15
    at param (D:\PostgreSQL\CURDOperations\node_modules\express\lib\router\index.js:365:14)
    at param (D:\PostgreSQL\CURDOperations\node_modules\express\lib\router\index.js:376:14)
    at Function.process_params (D:\PostgreSQL\CURDOperations\node_modules\express\lib\router\index.js:421:3)
    at next (D:\PostgreSQL\CURDOperations\node_modules\express\lib\router\index.js:280:10)
    at Function.handle (D:\PostgreSQL\CURDOperations\node_modules\express\lib\router\index.js:175:3)
    at router (D:\PostgreSQL\CURDOperations\node_modules\express\lib\router\index.js:47:12)
    at Layer.handle [as handle_request] (D:\PostgreSQL\CURDOperations\node_modules\express\lib\router\layer.js:95:5)
    at trim_prefix (D:\PostgreSQL\CURDOperations\node_modules\express\lib\router\index.js:328:13)
    at D:\PostgreSQL\CURDOperations\node_modules\express\lib\router\index.js:286:9
    at Function.process_params (D:\PostgreSQL\CURDOperations\node_modules\express\lib\router\index.js:346:12)
    at next (D:\PostgreSQL\CURDOperations\node_modules\express\lib\router\index.js:280:10)
    at Function.handle (D:\PostgreSQL\CURDOperations\node_modules\express\lib\router\index.js:175:3)
    at router (D:\PostgreSQL\CURDOperations\node_modules\express\lib\router\index.js:47:12)
    at Layer.handle [as handle_request] (D:\PostgreSQL\CURDOperations\node_modules\express\lib\router\layer.js:95:5)
    at trim_prefix (D:\PostgreSQL\CURDOperations\node_modules\express\lib\router\index.js:328:13)
    at D:\PostgreSQL\CURDOperations\node_modules\express\lib\router\index.js:286:9
    at Function.process_params (D:\PostgreSQL\CURDOperations\node_modules\express\lib\router\index.js:346:12)
    at next (D:\PostgreSQL\CURDOperations\node_modules\express\lib\router\index.js:280:10)
    at logger (D:\PostgreSQL\CURDOperations\node_modules\morgan\index.js:144:5)
    at Layer.handle [as handle_request] (D:\PostgreSQL\CURDOperations\node_modules\express\lib\router\layer.js:95:5)
    at trim_prefix (D:\PostgreSQL\CURDOperations\node_modules\express\lib\router\index.js:328:13)
    at D:\PostgreSQL\CURDOperations\node_modules\express\lib\router\index.js:286:9
    at Function.process_params (D:\PostgreSQL\CURDOperations\node_modules\express\lib\router\index.js:346:12)
    at next (D:\PostgreSQL\CURDOperations\node_modules\express\lib\router\index.js:280:10)
    at jsonParser (D:\PostgreSQL\CURDOperations\node_modules\body-parser\lib\types\json.js:110:7)
    at Layer.handle [as handle_request] (D:\PostgreSQL\CURDOperations\node_modules\express\lib\router\layer.js:95:5)
    at trim_prefix (D:\PostgreSQL\CURDOperations\node_modules\express\lib\router\index.js:328:13)
    at D:\PostgreSQL\CURDOperations\node_modules\express\lib\router\index.js:286:9
    at Function.process_params (D:\PostgreSQL\CURDOperations\node_modules\express\lib\router\index.js:346:12)
    at next (D:\PostgreSQL\CURDOperations\node_modules\express\lib\router\index.js:280:10)
    at urlencodedParser (D:\PostgreSQL\CURDOperations\node_modules\body-parser\lib\types\urlencoded.js:91:7)
    at Layer.handle [as handle_request] (D:\PostgreSQL\CURDOperations\node_modules\express\lib\router\layer.js:95:5) 
    url - /api/v1/users/2 
    method - GET 
    IP - ::1
   {"timestamp":"2023-06-14T07:22:13.856Z"}
info: Server started at http://localhost:3000/api/v1/ {"timestamp":"2023-06-14T07:22:50.753Z"}
info: Connected to the database. {"timestamp":"2023-06-14T07:22:51.009Z"}
info: Server started at http://localhost:3000/api/v1/ {"timestamp":"2023-06-14T07:22:54.478Z"}
info: Connected to the database. {"timestamp":"2023-06-14T07:22:54.836Z"}
info: Server started at http://localhost:3000/api/v1/ {"timestamp":"2023-06-14T07:23:02.450Z"}
info: Connected to the database. {"timestamp":"2023-06-14T07:23:02.707Z"}
info: Server started at http://localhost:3000/api/v1/ {"timestamp":"2023-06-14T07:23:13.805Z"}
info: Connected to the database. {"timestamp":"2023-06-14T07:23:14.017Z"}
error: 
    status - 500 
    message - TypeError: Cannot read properties of undefined (reading 'email')
    at _callee$ (D:\PostgreSQL\CURDOperations\src\middlewares\/auth.middleware.js:23:28)
    at tryCatch (D:\PostgreSQL\CURDOperations\node_modules\@babel\runtime\helpers\regeneratorRuntime.js:44:17)
    at Generator.<anonymous> (D:\PostgreSQL\CURDOperations\node_modules\@babel\runtime\helpers\regeneratorRuntime.js:125:22)
    at Generator.next (D:\PostgreSQL\CURDOperations\node_modules\@babel\runtime\helpers\regeneratorRuntime.js:69:21)
    at asyncGeneratorStep (D:\PostgreSQL\CURDOperations\node_modules\@babel\runtime\helpers\asyncToGenerator.js:3:24)
    at _next (D:\PostgreSQL\CURDOperations\node_modules\@babel\runtime\helpers\asyncToGenerator.js:22:9)
    at processTicksAndRejections (node:internal/process/task_queues:95:5) 
    url - /api/v1/users/2 
    method - GET 
    IP - ::1
   {"timestamp":"2023-06-14T07:23:19.073Z"}
info: Server started at http://localhost:3000/api/v1/ {"timestamp":"2023-06-14T07:23:37.961Z"}
info: Connected to the database. {"timestamp":"2023-06-14T07:23:38.208Z"}
info: Server started at http://localhost:3000/api/v1/ {"timestamp":"2023-06-14T07:23:41.208Z"}
info: Connected to the database. {"timestamp":"2023-06-14T07:23:41.391Z"}
info: Server started at http://localhost:3000/api/v1/ {"timestamp":"2023-06-14T07:23:45.197Z"}
info: Connected to the database. {"timestamp":"2023-06-14T07:23:45.427Z"}
info: Server started at http://localhost:3000/api/v1/ {"timestamp":"2023-06-14T07:24:02.456Z"}
info: Connected to the database. {"timestamp":"2023-06-14T07:24:02.646Z"}
info: Server started at http://localhost:3000/api/v1/ {"timestamp":"2023-06-14T07:24:18.232Z"}
info: Connected to the database. {"timestamp":"2023-06-14T07:24:18.447Z"}
